[2013-08-16 10:30:56] (ERROR @ /livingoctaveresearch/setup/index.php) Path specified for package gallery is not a valid or accessible directory: /Applications/mampstack-5.3.17-0/apache2/htdocs/livingoctaveresearch/core/components/gallery/model/
[2013-08-16 10:30:58] (ERROR @ /livingoctaveresearch/setup/index.php) Path specified for package gallery is not a valid or accessible directory: /Applications/mampstack-5.3.17-0/apache2/htdocs/livingoctaveresearch/core/components/gallery/model/
[2013-08-16 10:31:09] (ERROR @ /livingoctaveresearch/setup/index.php) Path specified for package gallery is not a valid or accessible directory: /Applications/mampstack-5.3.17-0/apache2/htdocs/livingoctaveresearch/core/components/gallery/model/
[2013-08-16 10:31:10] (ERROR @ /livingoctaveresearch/setup/index.php) Path specified for package gallery is not a valid or accessible directory: /Applications/mampstack-5.3.17-0/apache2/htdocs/livingoctaveresearch/core/components/gallery/model/
[2013-08-16 10:31:12] (ERROR @ /livingoctaveresearch/setup/index.php) Path specified for package gallery is not a valid or accessible directory: /Applications/mampstack-5.3.17-0/apache2/htdocs/livingoctaveresearch/core/components/gallery/model/
[2013-08-16 10:31:12] (ERROR @ /livingoctaveresearch/setup/index.php) Path specified for package gallery is not a valid or accessible directory: /Applications/mampstack-5.3.17-0/apache2/htdocs/livingoctaveresearch/core/components/gallery/model/
[2013-08-16 10:31:12] (ERROR @ /livingoctaveresearch/manager/index.php) Path specified for package gallery is not a valid or accessible directory: /Applications/mampstack-5.3.17-0/apache2/htdocs/livingoctaveresearch/core/components/gallery/model/
[2013-08-16 10:31:12] (ERROR @ /livingoctaveresearch/manager/index.php) Could not load class: Gallery from gallery.
[2013-08-16 10:31:12] (ERROR @ /livingoctaveresearch/manager/index.php) Problem getting service gallery, instance of class Gallery, from path /Applications/mampstack-5.3.17-0/apache2/htdocs/livingoctaveresearch/core/components/gallery/model/gallery/
[2013-08-16 10:31:19] (ERROR @ /livingoctaveresearch/manager/index.php) Path specified for package gallery is not a valid or accessible directory: /Applications/mampstack-5.3.17-0/apache2/htdocs/livingoctaveresearch/core/components/gallery/model/
[2013-08-16 10:31:19] (ERROR @ /livingoctaveresearch/manager/index.php) Could not load class: Gallery from gallery.
[2013-08-16 10:31:19] (ERROR @ /livingoctaveresearch/manager/index.php) Problem getting service gallery, instance of class Gallery, from path /Applications/mampstack-5.3.17-0/apache2/htdocs/livingoctaveresearch/core/components/gallery/model/gallery/
[2013-08-16 10:31:20] (ERROR @ /livingoctaveresearch/manager/index.php) Path specified for package gallery is not a valid or accessible directory: /Applications/mampstack-5.3.17-0/apache2/htdocs/livingoctaveresearch/core/components/gallery/model/
[2013-08-16 10:31:20] (ERROR @ /livingoctaveresearch/manager/index.php) Could not load class: Gallery from gallery.
[2013-08-16 10:31:20] (ERROR @ /livingoctaveresearch/manager/index.php) Problem getting service gallery, instance of class Gallery, from path /Applications/mampstack-5.3.17-0/apache2/htdocs/livingoctaveresearch/core/components/gallery/model/gallery/
[2013-08-16 10:31:27] (ERROR @ /livingoctaveresearch/manager/min/index.php) Path specified for package gallery is not a valid or accessible directory: /Applications/mampstack-5.3.17-0/apache2/htdocs/livingoctaveresearch/core/components/gallery/model/
[2013-08-16 10:31:27] (ERROR @ /livingoctaveresearch/manager/min/index.php) Path specified for package gallery is not a valid or accessible directory: /Applications/mampstack-5.3.17-0/apache2/htdocs/livingoctaveresearch/core/components/gallery/model/
[2013-08-16 10:31:27] (ERROR @ /livingoctaveresearch/manager/min/index.php) Path specified for package gallery is not a valid or accessible directory: /Applications/mampstack-5.3.17-0/apache2/htdocs/livingoctaveresearch/core/components/gallery/model/
[2013-08-16 10:31:27] (ERROR @ /livingoctaveresearch/connectors/layout/modx.config.js.php) Path specified for package gallery is not a valid or accessible directory: /Applications/mampstack-5.3.17-0/apache2/htdocs/livingoctaveresearch/core/components/gallery/model/
[2013-08-16 10:31:27] (ERROR @ /livingoctaveresearch/connectors/lang.js.php) Path specified for package gallery is not a valid or accessible directory: /Applications/mampstack-5.3.17-0/apache2/htdocs/livingoctaveresearch/core/components/gallery/model/
[2013-08-16 10:31:27] (ERROR @ /livingoctaveresearch/manager/min/index.php) Path specified for package gallery is not a valid or accessible directory: /Applications/mampstack-5.3.17-0/apache2/htdocs/livingoctaveresearch/core/components/gallery/model/
[2013-08-16 10:31:32] (ERROR @ /livingoctaveresearch/connectors/system/registry/register.php) Path specified for package gallery is not a valid or accessible directory: /Applications/mampstack-5.3.17-0/apache2/htdocs/livingoctaveresearch/core/components/gallery/model/
[2013-08-16 10:31:32] (ERROR @ /livingoctaveresearch/connectors/resource/index.php) Path specified for package gallery is not a valid or accessible directory: /Applications/mampstack-5.3.17-0/apache2/htdocs/livingoctaveresearch/core/components/gallery/model/
[2013-08-16 10:31:32] (ERROR @ /livingoctaveresearch/connectors/resource/index.php) Path specified for package gallery is not a valid or accessible directory: /Applications/mampstack-5.3.17-0/apache2/htdocs/livingoctaveresearch/core/components/gallery/model/
[2013-08-16 10:31:32] (ERROR @ /livingoctaveresearch/connectors/security/user.php) Path specified for package gallery is not a valid or accessible directory: /Applications/mampstack-5.3.17-0/apache2/htdocs/livingoctaveresearch/core/components/gallery/model/
[2013-08-16 10:31:32] (ERROR @ /livingoctaveresearch/connectors/system/registry/register.php) Path specified for package gallery is not a valid or accessible directory: /Applications/mampstack-5.3.17-0/apache2/htdocs/livingoctaveresearch/core/components/gallery/model/
[2013-08-16 10:31:34] (ERROR @ /livingoctaveresearch/connectors/resource/index.php) Path specified for package gallery is not a valid or accessible directory: /Applications/mampstack-5.3.17-0/apache2/htdocs/livingoctaveresearch/core/components/gallery/model/
[2013-08-16 10:31:34] (ERROR @ /livingoctaveresearch/connectors/system/registry/register.php) Path specified for package gallery is not a valid or accessible directory: /Applications/mampstack-5.3.17-0/apache2/htdocs/livingoctaveresearch/core/components/gallery/model/
[2013-08-16 10:31:36] (ERROR @ /livingoctaveresearch/connectors/system/registry/register.php) Path specified for package gallery is not a valid or accessible directory: /Applications/mampstack-5.3.17-0/apache2/htdocs/livingoctaveresearch/core/components/gallery/model/
[2013-08-16 10:31:38] (ERROR @ /livingoctaveresearch/index.php) Path specified for package gallery is not a valid or accessible directory: /Applications/mampstack-5.3.17-0/apache2/htdocs/livingoctaveresearch/core/components/gallery/model/
[2013-08-16 10:31:39] (ERROR @ /livingoctaveresearch/index.php) Could not load class: Wayfinder from wayfinder.
[2013-08-16 10:31:46] (ERROR @ /livingoctaveresearch/manager/index.php) Path specified for package gallery is not a valid or accessible directory: /Applications/mampstack-5.3.17-0/apache2/htdocs/livingoctaveresearch/core/components/gallery/model/
[2013-08-16 10:31:46] (ERROR @ /livingoctaveresearch/manager/index.php) Could not load class: Gallery from gallery.
[2013-08-16 10:31:46] (ERROR @ /livingoctaveresearch/manager/index.php) Problem getting service gallery, instance of class Gallery, from path /Applications/mampstack-5.3.17-0/apache2/htdocs/livingoctaveresearch/core/components/gallery/model/gallery/
[2013-08-16 10:31:47] (ERROR @ /livingoctaveresearch/manager/min/index.php) Path specified for package gallery is not a valid or accessible directory: /Applications/mampstack-5.3.17-0/apache2/htdocs/livingoctaveresearch/core/components/gallery/model/
[2013-08-16 10:31:47] (ERROR @ /livingoctaveresearch/connectors/layout/modx.config.js.php) Path specified for package gallery is not a valid or accessible directory: /Applications/mampstack-5.3.17-0/apache2/htdocs/livingoctaveresearch/core/components/gallery/model/
[2013-08-16 10:31:47] (ERROR @ /livingoctaveresearch/connectors/lang.js.php) Path specified for package gallery is not a valid or accessible directory: /Applications/mampstack-5.3.17-0/apache2/htdocs/livingoctaveresearch/core/components/gallery/model/
[2013-08-16 10:31:47] (ERROR @ /livingoctaveresearch/manager/min/index.php) Path specified for package gallery is not a valid or accessible directory: /Applications/mampstack-5.3.17-0/apache2/htdocs/livingoctaveresearch/core/components/gallery/model/
[2013-08-16 10:31:47] (ERROR @ /livingoctaveresearch/manager/min/index.php) Path specified for package gallery is not a valid or accessible directory: /Applications/mampstack-5.3.17-0/apache2/htdocs/livingoctaveresearch/core/components/gallery/model/
[2013-08-16 10:31:47] (ERROR @ /livingoctaveresearch/manager/min/index.php) Path specified for package gallery is not a valid or accessible directory: /Applications/mampstack-5.3.17-0/apache2/htdocs/livingoctaveresearch/core/components/gallery/model/
[2013-08-16 10:31:47] (ERROR @ /livingoctaveresearch/manager/min/index.php) Path specified for package gallery is not a valid or accessible directory: /Applications/mampstack-5.3.17-0/apache2/htdocs/livingoctaveresearch/core/components/gallery/model/
[2013-08-16 10:31:48] (ERROR @ /livingoctaveresearch/connectors/system/registry/register.php) Path specified for package gallery is not a valid or accessible directory: /Applications/mampstack-5.3.17-0/apache2/htdocs/livingoctaveresearch/core/components/gallery/model/
[2013-08-16 10:31:48] (ERROR @ /livingoctaveresearch/connectors/resource/index.php) Path specified for package gallery is not a valid or accessible directory: /Applications/mampstack-5.3.17-0/apache2/htdocs/livingoctaveresearch/core/components/gallery/model/
[2013-08-16 10:31:48] (ERROR @ /livingoctaveresearch/connectors/workspace/packages-rest.php) Path specified for package gallery is not a valid or accessible directory: /Applications/mampstack-5.3.17-0/apache2/htdocs/livingoctaveresearch/core/components/gallery/model/
[2013-08-16 10:31:48] (ERROR @ /livingoctaveresearch/connectors/workspace/packages-rest.php) Path specified for package gallery is not a valid or accessible directory: /Applications/mampstack-5.3.17-0/apache2/htdocs/livingoctaveresearch/core/components/gallery/model/
[2013-08-16 10:31:48] (ERROR @ /livingoctaveresearch/connectors/workspace/packages.php) Path specified for package gallery is not a valid or accessible directory: /Applications/mampstack-5.3.17-0/apache2/htdocs/livingoctaveresearch/core/components/gallery/model/
[2013-08-16 10:31:48] (ERROR @ /livingoctaveresearch/connectors/resource/index.php) Path specified for package gallery is not a valid or accessible directory: /Applications/mampstack-5.3.17-0/apache2/htdocs/livingoctaveresearch/core/components/gallery/model/
[2013-08-16 10:31:50] (ERROR @ /livingoctaveresearch/connectors/workspace/providers.php) Path specified for package gallery is not a valid or accessible directory: /Applications/mampstack-5.3.17-0/apache2/htdocs/livingoctaveresearch/core/components/gallery/model/
[2013-08-16 10:31:51] (ERROR @ /livingoctaveresearch/connectors/resource/index.php) Path specified for package gallery is not a valid or accessible directory: /Applications/mampstack-5.3.17-0/apache2/htdocs/livingoctaveresearch/core/components/gallery/model/
[2013-08-16 10:31:52] (ERROR @ /livingoctaveresearch/connectors/system/registry/register.php) Path specified for package gallery is not a valid or accessible directory: /Applications/mampstack-5.3.17-0/apache2/htdocs/livingoctaveresearch/core/components/gallery/model/
[2013-08-16 10:31:55] (ERROR @ /livingoctaveresearch/connectors/workspace/packages-rest.php) Path specified for package gallery is not a valid or accessible directory: /Applications/mampstack-5.3.17-0/apache2/htdocs/livingoctaveresearch/core/components/gallery/model/
[2013-08-16 10:31:55] (ERROR @ /livingoctaveresearch/connectors/workspace/packages-rest.php) Path specified for package gallery is not a valid or accessible directory: /Applications/mampstack-5.3.17-0/apache2/htdocs/livingoctaveresearch/core/components/gallery/model/
[2013-08-16 10:31:56] (ERROR @ /livingoctaveresearch/connectors/system/registry/register.php) Path specified for package gallery is not a valid or accessible directory: /Applications/mampstack-5.3.17-0/apache2/htdocs/livingoctaveresearch/core/components/gallery/model/
[2013-08-16 10:32:00] (ERROR @ /livingoctaveresearch/connectors/workspace/packages-rest.php) Path specified for package gallery is not a valid or accessible directory: /Applications/mampstack-5.3.17-0/apache2/htdocs/livingoctaveresearch/core/components/gallery/model/
[2013-08-16 10:32:06] (ERROR @ /livingoctaveresearch/connectors/workspace/packages.php) Path specified for package gallery is not a valid or accessible directory: /Applications/mampstack-5.3.17-0/apache2/htdocs/livingoctaveresearch/core/components/gallery/model/
[2013-08-16 10:32:06] (ERROR @ /livingoctaveresearch/connectors/workspace/packages.php) Could not open file for reading: breadcrumbs-1.1.0-pl.transport.zip?revolution_version=Revolution-2.2.8-pl
[2013-08-16 10:32:06] (ERROR @ /livingoctaveresearch/connectors/workspace/packages.php) MODX could not download the file. You must enable allow_url_fopen, cURL or fsockopen to use remote transport packaging.
[2013-08-16 10:32:06] (ERROR @ /livingoctaveresearch/connectors/workspace/packages.php) Could not transfer package breadcrumbs-1.1.0-pl.transport.zip to /Applications/mampstack-5.3.17-0/apache2/htdocs/livingoctaveresearch/core/packages/.
[2013-08-16 10:32:08] (ERROR @ /livingoctaveresearch/connectors/workspace/packages.php) Path specified for package gallery is not a valid or accessible directory: /Applications/mampstack-5.3.17-0/apache2/htdocs/livingoctaveresearch/core/components/gallery/model/
[2013-08-16 10:32:09] (ERROR @ /livingoctaveresearch/connectors/system/index.php) Path specified for package gallery is not a valid or accessible directory: /Applications/mampstack-5.3.17-0/apache2/htdocs/livingoctaveresearch/core/components/gallery/model/
[2013-08-16 10:32:10] (ERROR @ /livingoctaveresearch/connectors/system/index.php) Path specified for package gallery is not a valid or accessible directory: /Applications/mampstack-5.3.17-0/apache2/htdocs/livingoctaveresearch/core/components/gallery/model/
[2013-08-16 10:32:33] (ERROR @ /livingoctaveresearch/connectors/workspace/packages.php) Path specified for package gallery is not a valid or accessible directory: /Applications/mampstack-5.3.17-0/apache2/htdocs/livingoctaveresearch/core/components/gallery/model/
[2013-08-16 10:32:33] (ERROR @ /livingoctaveresearch/connectors/workspace/packages.php) Could not open file for reading: breadcrumbs-1.1.0-pl.transport.zip?revolution_version=Revolution-2.2.8-pl
[2013-08-16 10:32:33] (ERROR @ /livingoctaveresearch/connectors/workspace/packages.php) MODX could not download the file. You must enable allow_url_fopen, cURL or fsockopen to use remote transport packaging.
[2013-08-16 10:32:33] (ERROR @ /livingoctaveresearch/connectors/workspace/packages.php) Could not transfer package breadcrumbs-1.1.0-pl.transport.zip to /Applications/mampstack-5.3.17-0/apache2/htdocs/livingoctaveresearch/core/packages/.
[2013-08-16 10:32:37] (ERROR @ /livingoctaveresearch/manager/index.php) Path specified for package gallery is not a valid or accessible directory: /Applications/mampstack-5.3.17-0/apache2/htdocs/livingoctaveresearch/core/components/gallery/model/
[2013-08-16 10:32:37] (ERROR @ /livingoctaveresearch/manager/index.php) Could not load class: Gallery from gallery.
[2013-08-16 10:32:37] (ERROR @ /livingoctaveresearch/manager/index.php) Problem getting service gallery, instance of class Gallery, from path /Applications/mampstack-5.3.17-0/apache2/htdocs/livingoctaveresearch/core/components/gallery/model/gallery/
[2013-08-16 10:32:38] (ERROR @ /livingoctaveresearch/connectors/layout/modx.config.js.php) Path specified for package gallery is not a valid or accessible directory: /Applications/mampstack-5.3.17-0/apache2/htdocs/livingoctaveresearch/core/components/gallery/model/
[2013-08-16 10:32:38] (ERROR @ /livingoctaveresearch/connectors/lang.js.php) Path specified for package gallery is not a valid or accessible directory: /Applications/mampstack-5.3.17-0/apache2/htdocs/livingoctaveresearch/core/components/gallery/model/
[2013-08-16 10:32:39] (ERROR @ /livingoctaveresearch/connectors/system/registry/register.php) Path specified for package gallery is not a valid or accessible directory: /Applications/mampstack-5.3.17-0/apache2/htdocs/livingoctaveresearch/core/components/gallery/model/
[2013-08-16 10:32:39] (ERROR @ /livingoctaveresearch/connectors/security/user.php) Path specified for package gallery is not a valid or accessible directory: /Applications/mampstack-5.3.17-0/apache2/htdocs/livingoctaveresearch/core/components/gallery/model/
[2013-08-16 10:32:40] (ERROR @ /livingoctaveresearch/connectors/resource/index.php) Path specified for package gallery is not a valid or accessible directory: /Applications/mampstack-5.3.17-0/apache2/htdocs/livingoctaveresearch/core/components/gallery/model/
[2013-08-16 10:32:40] (ERROR @ /livingoctaveresearch/connectors/resource/index.php) Path specified for package gallery is not a valid or accessible directory: /Applications/mampstack-5.3.17-0/apache2/htdocs/livingoctaveresearch/core/components/gallery/model/
[2013-08-16 10:32:40] (ERROR @ /livingoctaveresearch/connectors/resource/index.php) Path specified for package gallery is not a valid or accessible directory: /Applications/mampstack-5.3.17-0/apache2/htdocs/livingoctaveresearch/core/components/gallery/model/
[2013-08-16 10:32:41] (ERROR @ /livingoctaveresearch/connectors/system/registry/register.php) Path specified for package gallery is not a valid or accessible directory: /Applications/mampstack-5.3.17-0/apache2/htdocs/livingoctaveresearch/core/components/gallery/model/
[2013-08-16 10:32:50] (ERROR @ /livingoctaveresearch/manager/index.php) Path specified for package gallery is not a valid or accessible directory: /Applications/mampstack-5.3.17-0/apache2/htdocs/livingoctaveresearch/core/components/gallery/model/
[2013-08-16 10:32:50] (ERROR @ /livingoctaveresearch/manager/index.php) Could not load class: Gallery from gallery.
[2013-08-16 10:32:50] (ERROR @ /livingoctaveresearch/manager/index.php) Problem getting service gallery, instance of class Gallery, from path /Applications/mampstack-5.3.17-0/apache2/htdocs/livingoctaveresearch/core/components/gallery/model/gallery/
[2013-08-16 10:32:50] (ERROR @ /livingoctaveresearch/connectors/lang.js.php) Path specified for package gallery is not a valid or accessible directory: /Applications/mampstack-5.3.17-0/apache2/htdocs/livingoctaveresearch/core/components/gallery/model/
[2013-08-16 10:32:50] (ERROR @ /livingoctaveresearch/connectors/layout/modx.config.js.php) Path specified for package gallery is not a valid or accessible directory: /Applications/mampstack-5.3.17-0/apache2/htdocs/livingoctaveresearch/core/components/gallery/model/
[2013-08-16 10:32:50] (ERROR @ /livingoctaveresearch/manager/min/index.php) Path specified for package gallery is not a valid or accessible directory: /Applications/mampstack-5.3.17-0/apache2/htdocs/livingoctaveresearch/core/components/gallery/model/
[2013-08-16 10:32:51] (ERROR @ /livingoctaveresearch/manager/min/index.php) Path specified for package gallery is not a valid or accessible directory: /Applications/mampstack-5.3.17-0/apache2/htdocs/livingoctaveresearch/core/components/gallery/model/
[2013-08-16 10:32:51] (ERROR @ /livingoctaveresearch/manager/min/index.php) Path specified for package gallery is not a valid or accessible directory: /Applications/mampstack-5.3.17-0/apache2/htdocs/livingoctaveresearch/core/components/gallery/model/
[2013-08-16 10:32:51] (ERROR @ /livingoctaveresearch/manager/min/index.php) Path specified for package gallery is not a valid or accessible directory: /Applications/mampstack-5.3.17-0/apache2/htdocs/livingoctaveresearch/core/components/gallery/model/
[2013-08-16 10:32:51] (ERROR @ /livingoctaveresearch/connectors/resource/index.php) Path specified for package gallery is not a valid or accessible directory: /Applications/mampstack-5.3.17-0/apache2/htdocs/livingoctaveresearch/core/components/gallery/model/
[2013-08-16 10:32:51] (ERROR @ /livingoctaveresearch/connectors/system/registry/register.php) Path specified for package gallery is not a valid or accessible directory: /Applications/mampstack-5.3.17-0/apache2/htdocs/livingoctaveresearch/core/components/gallery/model/
[2013-08-16 10:32:52] (ERROR @ /livingoctaveresearch/connectors/security/user.php) Path specified for package gallery is not a valid or accessible directory: /Applications/mampstack-5.3.17-0/apache2/htdocs/livingoctaveresearch/core/components/gallery/model/
[2013-08-16 10:32:52] (ERROR @ /livingoctaveresearch/connectors/resource/index.php) Path specified for package gallery is not a valid or accessible directory: /Applications/mampstack-5.3.17-0/apache2/htdocs/livingoctaveresearch/core/components/gallery/model/
[2013-08-16 10:32:52] (ERROR @ /livingoctaveresearch/connectors/resource/index.php) Path specified for package gallery is not a valid or accessible directory: /Applications/mampstack-5.3.17-0/apache2/htdocs/livingoctaveresearch/core/components/gallery/model/
[2013-08-16 10:32:53] (ERROR @ /livingoctaveresearch/connectors/system/registry/register.php) Path specified for package gallery is not a valid or accessible directory: /Applications/mampstack-5.3.17-0/apache2/htdocs/livingoctaveresearch/core/components/gallery/model/
[2013-08-16 10:33:03] (ERROR @ /livingoctaveresearch/manager/index.php) Path specified for package gallery is not a valid or accessible directory: /Applications/mampstack-5.3.17-0/apache2/htdocs/livingoctaveresearch/core/components/gallery/model/
[2013-08-16 10:33:03] (ERROR @ /livingoctaveresearch/manager/index.php) Could not load class: Gallery from gallery.
[2013-08-16 10:33:03] (ERROR @ /livingoctaveresearch/manager/index.php) Problem getting service gallery, instance of class Gallery, from path /Applications/mampstack-5.3.17-0/apache2/htdocs/livingoctaveresearch/core/components/gallery/model/gallery/
[2013-08-16 10:33:04] (ERROR @ /livingoctaveresearch/connectors/lang.js.php) Path specified for package gallery is not a valid or accessible directory: /Applications/mampstack-5.3.17-0/apache2/htdocs/livingoctaveresearch/core/components/gallery/model/
[2013-08-16 10:33:04] (ERROR @ /livingoctaveresearch/manager/min/index.php) Path specified for package gallery is not a valid or accessible directory: /Applications/mampstack-5.3.17-0/apache2/htdocs/livingoctaveresearch/core/components/gallery/model/
[2013-08-16 10:33:04] (ERROR @ /livingoctaveresearch/connectors/layout/modx.config.js.php) Path specified for package gallery is not a valid or accessible directory: /Applications/mampstack-5.3.17-0/apache2/htdocs/livingoctaveresearch/core/components/gallery/model/
[2013-08-16 10:33:04] (ERROR @ /livingoctaveresearch/manager/min/index.php) Path specified for package gallery is not a valid or accessible directory: /Applications/mampstack-5.3.17-0/apache2/htdocs/livingoctaveresearch/core/components/gallery/model/
[2013-08-16 10:33:04] (ERROR @ /livingoctaveresearch/manager/min/index.php) Path specified for package gallery is not a valid or accessible directory: /Applications/mampstack-5.3.17-0/apache2/htdocs/livingoctaveresearch/core/components/gallery/model/
[2013-08-16 10:33:04] (ERROR @ /livingoctaveresearch/manager/min/index.php) Path specified for package gallery is not a valid or accessible directory: /Applications/mampstack-5.3.17-0/apache2/htdocs/livingoctaveresearch/core/components/gallery/model/
[2013-08-16 10:33:05] (ERROR @ /livingoctaveresearch/connectors/security/user.php) Path specified for package gallery is not a valid or accessible directory: /Applications/mampstack-5.3.17-0/apache2/htdocs/livingoctaveresearch/core/components/gallery/model/
[2013-08-16 10:33:05] (ERROR @ /livingoctaveresearch/connectors/resource/index.php) Path specified for package gallery is not a valid or accessible directory: /Applications/mampstack-5.3.17-0/apache2/htdocs/livingoctaveresearch/core/components/gallery/model/
[2013-08-16 10:33:05] (ERROR @ /livingoctaveresearch/connectors/system/registry/register.php) Path specified for package gallery is not a valid or accessible directory: /Applications/mampstack-5.3.17-0/apache2/htdocs/livingoctaveresearch/core/components/gallery/model/
[2013-08-16 10:33:05] (ERROR @ /livingoctaveresearch/connectors/resource/index.php) Path specified for package gallery is not a valid or accessible directory: /Applications/mampstack-5.3.17-0/apache2/htdocs/livingoctaveresearch/core/components/gallery/model/
[2013-08-16 10:33:05] (ERROR @ /livingoctaveresearch/connectors/resource/index.php) Path specified for package gallery is not a valid or accessible directory: /Applications/mampstack-5.3.17-0/apache2/htdocs/livingoctaveresearch/core/components/gallery/model/
[2013-08-16 10:33:06] (ERROR @ /livingoctaveresearch/connectors/system/registry/register.php) Path specified for package gallery is not a valid or accessible directory: /Applications/mampstack-5.3.17-0/apache2/htdocs/livingoctaveresearch/core/components/gallery/model/
[2013-08-16 10:33:20] (ERROR @ /livingoctaveresearch/manager/index.php) Path specified for package gallery is not a valid or accessible directory: /Applications/mampstack-5.3.17-0/apache2/htdocs/livingoctaveresearch/core/components/gallery/model/
[2013-08-16 10:33:20] (ERROR @ /livingoctaveresearch/manager/index.php) Could not load class: Gallery from gallery.
[2013-08-16 10:33:20] (ERROR @ /livingoctaveresearch/manager/index.php) Problem getting service gallery, instance of class Gallery, from path /Applications/mampstack-5.3.17-0/apache2/htdocs/livingoctaveresearch/core/components/gallery/model/gallery/
[2013-08-16 10:33:21] (ERROR @ /livingoctaveresearch/connectors/lang.js.php) Path specified for package gallery is not a valid or accessible directory: /Applications/mampstack-5.3.17-0/apache2/htdocs/livingoctaveresearch/core/components/gallery/model/
[2013-08-16 10:33:21] (ERROR @ /livingoctaveresearch/manager/min/index.php) Path specified for package gallery is not a valid or accessible directory: /Applications/mampstack-5.3.17-0/apache2/htdocs/livingoctaveresearch/core/components/gallery/model/
[2013-08-16 10:33:21] (ERROR @ /livingoctaveresearch/connectors/layout/modx.config.js.php) Path specified for package gallery is not a valid or accessible directory: /Applications/mampstack-5.3.17-0/apache2/htdocs/livingoctaveresearch/core/components/gallery/model/
[2013-08-16 10:33:21] (ERROR @ /livingoctaveresearch/manager/min/index.php) Path specified for package gallery is not a valid or accessible directory: /Applications/mampstack-5.3.17-0/apache2/htdocs/livingoctaveresearch/core/components/gallery/model/
[2013-08-16 10:33:21] (ERROR @ /livingoctaveresearch/manager/min/index.php) Path specified for package gallery is not a valid or accessible directory: /Applications/mampstack-5.3.17-0/apache2/htdocs/livingoctaveresearch/core/components/gallery/model/
[2013-08-16 10:33:21] (ERROR @ /livingoctaveresearch/manager/min/index.php) Path specified for package gallery is not a valid or accessible directory: /Applications/mampstack-5.3.17-0/apache2/htdocs/livingoctaveresearch/core/components/gallery/model/
[2013-08-16 10:33:24] (ERROR @ /livingoctaveresearch/connectors/resource/index.php) Path specified for package gallery is not a valid or accessible directory: /Applications/mampstack-5.3.17-0/apache2/htdocs/livingoctaveresearch/core/components/gallery/model/
[2013-08-16 10:33:24] (ERROR @ /livingoctaveresearch/connectors/resource/index.php) Path specified for package gallery is not a valid or accessible directory: /Applications/mampstack-5.3.17-0/apache2/htdocs/livingoctaveresearch/core/components/gallery/model/
[2013-08-16 10:33:24] (ERROR @ /livingoctaveresearch/connectors/system/registry/register.php) Path specified for package gallery is not a valid or accessible directory: /Applications/mampstack-5.3.17-0/apache2/htdocs/livingoctaveresearch/core/components/gallery/model/
[2013-08-16 10:33:24] (ERROR @ /livingoctaveresearch/connectors/security/user/setting.php) Path specified for package gallery is not a valid or accessible directory: /Applications/mampstack-5.3.17-0/apache2/htdocs/livingoctaveresearch/core/components/gallery/model/
[2013-08-16 10:33:24] (ERROR @ /livingoctaveresearch/connectors/security/user.php) Path specified for package gallery is not a valid or accessible directory: /Applications/mampstack-5.3.17-0/apache2/htdocs/livingoctaveresearch/core/components/gallery/model/
[2013-08-16 10:33:24] (ERROR @ /livingoctaveresearch/connectors/workspace/namespace.php) Path specified for package gallery is not a valid or accessible directory: /Applications/mampstack-5.3.17-0/apache2/htdocs/livingoctaveresearch/core/components/gallery/model/
[2013-08-16 10:33:25] (ERROR @ /livingoctaveresearch/connectors/resource/index.php) Path specified for package gallery is not a valid or accessible directory: /Applications/mampstack-5.3.17-0/apache2/htdocs/livingoctaveresearch/core/components/gallery/model/
[2013-08-16 10:33:26] (ERROR @ /livingoctaveresearch/connectors/system/registry/register.php) Path specified for package gallery is not a valid or accessible directory: /Applications/mampstack-5.3.17-0/apache2/htdocs/livingoctaveresearch/core/components/gallery/model/
[2013-08-16 10:33:33] (ERROR @ /livingoctaveresearch/manager/index.php) Path specified for package gallery is not a valid or accessible directory: /Applications/mampstack-5.3.17-0/apache2/htdocs/livingoctaveresearch/core/components/gallery/model/
[2013-08-16 10:33:33] (ERROR @ /livingoctaveresearch/manager/index.php) Could not load class: Gallery from gallery.
[2013-08-16 10:33:33] (ERROR @ /livingoctaveresearch/manager/index.php) Problem getting service gallery, instance of class Gallery, from path /Applications/mampstack-5.3.17-0/apache2/htdocs/livingoctaveresearch/core/components/gallery/model/gallery/
[2013-08-16 10:33:33] (ERROR @ /livingoctaveresearch/manager/min/index.php) Path specified for package gallery is not a valid or accessible directory: /Applications/mampstack-5.3.17-0/apache2/htdocs/livingoctaveresearch/core/components/gallery/model/
[2013-08-16 10:33:33] (ERROR @ /livingoctaveresearch/connectors/lang.js.php) Path specified for package gallery is not a valid or accessible directory: /Applications/mampstack-5.3.17-0/apache2/htdocs/livingoctaveresearch/core/components/gallery/model/
[2013-08-16 10:33:33] (ERROR @ /livingoctaveresearch/manager/min/index.php) Path specified for package gallery is not a valid or accessible directory: /Applications/mampstack-5.3.17-0/apache2/htdocs/livingoctaveresearch/core/components/gallery/model/
[2013-08-16 10:33:33] (ERROR @ /livingoctaveresearch/manager/min/index.php) Path specified for package gallery is not a valid or accessible directory: /Applications/mampstack-5.3.17-0/apache2/htdocs/livingoctaveresearch/core/components/gallery/model/
[2013-08-16 10:33:33] (ERROR @ /livingoctaveresearch/manager/min/index.php) Path specified for package gallery is not a valid or accessible directory: /Applications/mampstack-5.3.17-0/apache2/htdocs/livingoctaveresearch/core/components/gallery/model/
[2013-08-16 10:33:33] (ERROR @ /livingoctaveresearch/connectors/layout/modx.config.js.php) Path specified for package gallery is not a valid or accessible directory: /Applications/mampstack-5.3.17-0/apache2/htdocs/livingoctaveresearch/core/components/gallery/model/
[2013-08-16 10:33:34] (ERROR @ /livingoctaveresearch/connectors/resource/index.php) Path specified for package gallery is not a valid or accessible directory: /Applications/mampstack-5.3.17-0/apache2/htdocs/livingoctaveresearch/core/components/gallery/model/
[2013-08-16 10:33:34] (ERROR @ /livingoctaveresearch/connectors/security/user.php) Path specified for package gallery is not a valid or accessible directory: /Applications/mampstack-5.3.17-0/apache2/htdocs/livingoctaveresearch/core/components/gallery/model/
[2013-08-16 10:33:34] (ERROR @ /livingoctaveresearch/connectors/system/registry/register.php) Path specified for package gallery is not a valid or accessible directory: /Applications/mampstack-5.3.17-0/apache2/htdocs/livingoctaveresearch/core/components/gallery/model/
[2013-08-16 10:33:34] (ERROR @ /livingoctaveresearch/connectors/resource/index.php) Path specified for package gallery is not a valid or accessible directory: /Applications/mampstack-5.3.17-0/apache2/htdocs/livingoctaveresearch/core/components/gallery/model/
[2013-08-16 10:33:35] (ERROR @ /livingoctaveresearch/connectors/resource/index.php) Path specified for package gallery is not a valid or accessible directory: /Applications/mampstack-5.3.17-0/apache2/htdocs/livingoctaveresearch/core/components/gallery/model/
[2013-08-16 10:33:36] (ERROR @ /livingoctaveresearch/connectors/system/registry/register.php) Path specified for package gallery is not a valid or accessible directory: /Applications/mampstack-5.3.17-0/apache2/htdocs/livingoctaveresearch/core/components/gallery/model/
[2013-08-16 10:33:42] (ERROR @ /livingoctaveresearch/index.php) Path specified for package gallery is not a valid or accessible directory: /Applications/mampstack-5.3.17-0/apache2/htdocs/livingoctaveresearch/core/components/gallery/model/
[2013-08-16 10:33:42] (ERROR @ /livingoctaveresearch/index.php) Could not load class: Wayfinder from wayfinder.
[2013-08-16 10:34:02] (ERROR @ /livingoctaveresearch/manager/index.php) Path specified for package gallery is not a valid or accessible directory: /Applications/mampstack-5.3.17-0/apache2/htdocs/livingoctaveresearch/core/components/gallery/model/
[2013-08-16 10:34:02] (ERROR @ /livingoctaveresearch/manager/index.php) Could not load class: Gallery from gallery.
[2013-08-16 10:34:02] (ERROR @ /livingoctaveresearch/manager/index.php) Problem getting service gallery, instance of class Gallery, from path /Applications/mampstack-5.3.17-0/apache2/htdocs/livingoctaveresearch/core/components/gallery/model/gallery/
[2013-08-16 10:34:04] (ERROR @ /livingoctaveresearch/manager/index.php) Path specified for package gallery is not a valid or accessible directory: /Applications/mampstack-5.3.17-0/apache2/htdocs/livingoctaveresearch/core/components/gallery/model/
[2013-08-16 10:34:04] (ERROR @ /livingoctaveresearch/manager/index.php) Could not load class: Gallery from gallery.
[2013-08-16 10:34:04] (ERROR @ /livingoctaveresearch/manager/index.php) Problem getting service gallery, instance of class Gallery, from path /Applications/mampstack-5.3.17-0/apache2/htdocs/livingoctaveresearch/core/components/gallery/model/gallery/
[2013-08-16 10:34:05] (ERROR @ /livingoctaveresearch/connectors/layout/modx.config.js.php) Path specified for package gallery is not a valid or accessible directory: /Applications/mampstack-5.3.17-0/apache2/htdocs/livingoctaveresearch/core/components/gallery/model/
[2013-08-16 10:34:05] (ERROR @ /livingoctaveresearch/connectors/lang.js.php) Path specified for package gallery is not a valid or accessible directory: /Applications/mampstack-5.3.17-0/apache2/htdocs/livingoctaveresearch/core/components/gallery/model/
[2013-08-16 10:34:05] (ERROR @ /livingoctaveresearch/connectors/resource/index.php) Path specified for package gallery is not a valid or accessible directory: /Applications/mampstack-5.3.17-0/apache2/htdocs/livingoctaveresearch/core/components/gallery/model/
[2013-08-16 10:34:05] (ERROR @ /livingoctaveresearch/connectors/security/user.php) Path specified for package gallery is not a valid or accessible directory: /Applications/mampstack-5.3.17-0/apache2/htdocs/livingoctaveresearch/core/components/gallery/model/
[2013-08-16 10:34:05] (ERROR @ /livingoctaveresearch/connectors/system/registry/register.php) Path specified for package gallery is not a valid or accessible directory: /Applications/mampstack-5.3.17-0/apache2/htdocs/livingoctaveresearch/core/components/gallery/model/
[2013-08-16 10:34:05] (ERROR @ /livingoctaveresearch/connectors/resource/index.php) Path specified for package gallery is not a valid or accessible directory: /Applications/mampstack-5.3.17-0/apache2/htdocs/livingoctaveresearch/core/components/gallery/model/
[2013-08-16 10:34:06] (ERROR @ /livingoctaveresearch/connectors/resource/index.php) Path specified for package gallery is not a valid or accessible directory: /Applications/mampstack-5.3.17-0/apache2/htdocs/livingoctaveresearch/core/components/gallery/model/
[2013-08-16 10:34:07] (ERROR @ /livingoctaveresearch/connectors/system/registry/register.php) Path specified for package gallery is not a valid or accessible directory: /Applications/mampstack-5.3.17-0/apache2/htdocs/livingoctaveresearch/core/components/gallery/model/
[2013-08-16 10:34:08] (ERROR @ /livingoctaveresearch/connectors/resource/index.php) Path specified for package gallery is not a valid or accessible directory: /Applications/mampstack-5.3.17-0/apache2/htdocs/livingoctaveresearch/core/components/gallery/model/
[2013-08-16 10:34:09] (ERROR @ /livingoctaveresearch/manager/index.php) Path specified for package gallery is not a valid or accessible directory: /Applications/mampstack-5.3.17-0/apache2/htdocs/livingoctaveresearch/core/components/gallery/model/
[2013-08-16 10:34:09] (ERROR @ /livingoctaveresearch/manager/index.php) Could not load class: Gallery from gallery.
[2013-08-16 10:34:09] (ERROR @ /livingoctaveresearch/manager/index.php) Problem getting service gallery, instance of class Gallery, from path /Applications/mampstack-5.3.17-0/apache2/htdocs/livingoctaveresearch/core/components/gallery/model/gallery/
[2013-08-16 10:35:23] (ERROR @ /livingoctaveresearch/manager/index.php) Path specified for package gallery is not a valid or accessible directory: /Applications/mampstack-5.3.17-0/apache2/htdocs/livingoctaveresearch/core/components/gallery/model/
[2013-08-16 10:35:23] (ERROR @ /livingoctaveresearch/manager/index.php) Could not load class: Gallery from gallery.
[2013-08-16 10:35:23] (ERROR @ /livingoctaveresearch/manager/index.php) Problem getting service gallery, instance of class Gallery, from path /Applications/mampstack-5.3.17-0/apache2/htdocs/livingoctaveresearch/core/components/gallery/model/gallery/
[2013-08-16 10:35:24] (ERROR @ /livingoctaveresearch/connectors/lang.js.php) Path specified for package gallery is not a valid or accessible directory: /Applications/mampstack-5.3.17-0/apache2/htdocs/livingoctaveresearch/core/components/gallery/model/
[2013-08-16 10:35:24] (ERROR @ /livingoctaveresearch/connectors/layout/modx.config.js.php) Path specified for package gallery is not a valid or accessible directory: /Applications/mampstack-5.3.17-0/apache2/htdocs/livingoctaveresearch/core/components/gallery/model/
[2013-08-16 10:35:25] (ERROR @ /livingoctaveresearch/connectors/resource/index.php) Path specified for package gallery is not a valid or accessible directory: /Applications/mampstack-5.3.17-0/apache2/htdocs/livingoctaveresearch/core/components/gallery/model/
[2013-08-16 10:35:25] (ERROR @ /livingoctaveresearch/connectors/system/registry/register.php) Path specified for package gallery is not a valid or accessible directory: /Applications/mampstack-5.3.17-0/apache2/htdocs/livingoctaveresearch/core/components/gallery/model/
[2013-08-16 10:35:25] (ERROR @ /livingoctaveresearch/connectors/resource/index.php) Path specified for package gallery is not a valid or accessible directory: /Applications/mampstack-5.3.17-0/apache2/htdocs/livingoctaveresearch/core/components/gallery/model/
[2013-08-16 10:35:25] (ERROR @ /livingoctaveresearch/connectors/security/user.php) Path specified for package gallery is not a valid or accessible directory: /Applications/mampstack-5.3.17-0/apache2/htdocs/livingoctaveresearch/core/components/gallery/model/
[2013-08-16 10:35:25] (ERROR @ /livingoctaveresearch/manager/index.php) Path specified for package gallery is not a valid or accessible directory: /Applications/mampstack-5.3.17-0/apache2/htdocs/livingoctaveresearch/core/components/gallery/model/
[2013-08-16 10:35:25] (ERROR @ /livingoctaveresearch/manager/index.php) Could not load class: Gallery from gallery.
[2013-08-16 10:35:25] (ERROR @ /livingoctaveresearch/manager/index.php) Problem getting service gallery, instance of class Gallery, from path /Applications/mampstack-5.3.17-0/apache2/htdocs/livingoctaveresearch/core/components/gallery/model/gallery/
[2013-08-16 10:35:26] (ERROR @ /livingoctaveresearch/connectors/lang.js.php) Path specified for package gallery is not a valid or accessible directory: /Applications/mampstack-5.3.17-0/apache2/htdocs/livingoctaveresearch/core/components/gallery/model/
[2013-08-16 10:35:26] (ERROR @ /livingoctaveresearch/connectors/layout/modx.config.js.php) Path specified for package gallery is not a valid or accessible directory: /Applications/mampstack-5.3.17-0/apache2/htdocs/livingoctaveresearch/core/components/gallery/model/
[2013-08-16 10:35:27] (ERROR @ /livingoctaveresearch/connectors/resource/index.php) Path specified for package gallery is not a valid or accessible directory: /Applications/mampstack-5.3.17-0/apache2/htdocs/livingoctaveresearch/core/components/gallery/model/
[2013-08-16 10:35:27] (ERROR @ /livingoctaveresearch/connectors/resource/index.php) Path specified for package gallery is not a valid or accessible directory: /Applications/mampstack-5.3.17-0/apache2/htdocs/livingoctaveresearch/core/components/gallery/model/
[2013-08-16 10:35:27] (ERROR @ /livingoctaveresearch/connectors/system/registry/register.php) Path specified for package gallery is not a valid or accessible directory: /Applications/mampstack-5.3.17-0/apache2/htdocs/livingoctaveresearch/core/components/gallery/model/
[2013-08-16 10:35:27] (ERROR @ /livingoctaveresearch/connectors/security/user/setting.php) Path specified for package gallery is not a valid or accessible directory: /Applications/mampstack-5.3.17-0/apache2/htdocs/livingoctaveresearch/core/components/gallery/model/
[2013-08-16 10:35:27] (ERROR @ /livingoctaveresearch/connectors/workspace/namespace.php) Path specified for package gallery is not a valid or accessible directory: /Applications/mampstack-5.3.17-0/apache2/htdocs/livingoctaveresearch/core/components/gallery/model/
[2013-08-16 10:35:27] (ERROR @ /livingoctaveresearch/connectors/security/user.php) Path specified for package gallery is not a valid or accessible directory: /Applications/mampstack-5.3.17-0/apache2/htdocs/livingoctaveresearch/core/components/gallery/model/
[2013-08-16 10:35:28] (ERROR @ /livingoctaveresearch/connectors/resource/index.php) Path specified for package gallery is not a valid or accessible directory: /Applications/mampstack-5.3.17-0/apache2/htdocs/livingoctaveresearch/core/components/gallery/model/
[2013-08-16 10:35:29] (ERROR @ /livingoctaveresearch/connectors/system/registry/register.php) Path specified for package gallery is not a valid or accessible directory: /Applications/mampstack-5.3.17-0/apache2/htdocs/livingoctaveresearch/core/components/gallery/model/
[2013-08-16 10:35:34] (ERROR @ /livingoctaveresearch/connectors/element/index.php) Path specified for package gallery is not a valid or accessible directory: /Applications/mampstack-5.3.17-0/apache2/htdocs/livingoctaveresearch/core/components/gallery/model/
[2013-08-16 10:35:35] (ERROR @ /livingoctaveresearch/connectors/system/registry/register.php) Path specified for package gallery is not a valid or accessible directory: /Applications/mampstack-5.3.17-0/apache2/htdocs/livingoctaveresearch/core/components/gallery/model/
[2013-08-16 10:35:40] (ERROR @ /livingoctaveresearch/connectors/browser/directory.php) Path specified for package gallery is not a valid or accessible directory: /Applications/mampstack-5.3.17-0/apache2/htdocs/livingoctaveresearch/core/components/gallery/model/
[2013-08-16 10:35:40] (ERROR @ /livingoctaveresearch/connectors/source/index.php) Path specified for package gallery is not a valid or accessible directory: /Applications/mampstack-5.3.17-0/apache2/htdocs/livingoctaveresearch/core/components/gallery/model/
[2013-08-16 10:35:41] (ERROR @ /livingoctaveresearch/connectors/system/registry/register.php) Path specified for package gallery is not a valid or accessible directory: /Applications/mampstack-5.3.17-0/apache2/htdocs/livingoctaveresearch/core/components/gallery/model/
[2013-08-16 10:35:41] (ERROR @ /livingoctaveresearch/connectors/source/index.php) Path specified for package gallery is not a valid or accessible directory: /Applications/mampstack-5.3.17-0/apache2/htdocs/livingoctaveresearch/core/components/gallery/model/
[2013-08-16 10:35:43] (ERROR @ /livingoctaveresearch/connectors/browser/directory.php) Path specified for package gallery is not a valid or accessible directory: /Applications/mampstack-5.3.17-0/apache2/htdocs/livingoctaveresearch/core/components/gallery/model/
[2013-08-16 10:35:44] (ERROR @ /livingoctaveresearch/connectors/system/registry/register.php) Path specified for package gallery is not a valid or accessible directory: /Applications/mampstack-5.3.17-0/apache2/htdocs/livingoctaveresearch/core/components/gallery/model/
[2013-08-16 10:35:44] (ERROR @ /livingoctaveresearch/connectors/browser/directory.php) Path specified for package gallery is not a valid or accessible directory: /Applications/mampstack-5.3.17-0/apache2/htdocs/livingoctaveresearch/core/components/gallery/model/
[2013-08-16 10:35:46] (ERROR @ /livingoctaveresearch/connectors/browser/directory.php) Path specified for package gallery is not a valid or accessible directory: /Applications/mampstack-5.3.17-0/apache2/htdocs/livingoctaveresearch/core/components/gallery/model/
[2013-08-16 10:35:46] (ERROR @ /livingoctaveresearch/connectors/system/registry/register.php) Path specified for package gallery is not a valid or accessible directory: /Applications/mampstack-5.3.17-0/apache2/htdocs/livingoctaveresearch/core/components/gallery/model/
[2013-08-16 10:35:47] (ERROR @ /livingoctaveresearch/connectors/system/registry/register.php) Path specified for package gallery is not a valid or accessible directory: /Applications/mampstack-5.3.17-0/apache2/htdocs/livingoctaveresearch/core/components/gallery/model/
[2013-08-16 10:35:52] (ERROR @ /livingoctaveresearch/connectors/system/registry/register.php) Path specified for package gallery is not a valid or accessible directory: /Applications/mampstack-5.3.17-0/apache2/htdocs/livingoctaveresearch/core/components/gallery/model/
[2013-08-16 10:35:54] (ERROR @ /livingoctaveresearch/connectors/browser/directory.php) Path specified for package gallery is not a valid or accessible directory: /Applications/mampstack-5.3.17-0/apache2/htdocs/livingoctaveresearch/core/components/gallery/model/
[2013-08-16 10:35:55] (ERROR @ /livingoctaveresearch/connectors/system/registry/register.php) Path specified for package gallery is not a valid or accessible directory: /Applications/mampstack-5.3.17-0/apache2/htdocs/livingoctaveresearch/core/components/gallery/model/
[2013-08-16 10:35:57] (ERROR @ /livingoctaveresearch/connectors/browser/directory.php) Path specified for package gallery is not a valid or accessible directory: /Applications/mampstack-5.3.17-0/apache2/htdocs/livingoctaveresearch/core/components/gallery/model/
[2013-08-16 10:35:59] (ERROR @ /livingoctaveresearch/connectors/system/registry/register.php) Path specified for package gallery is not a valid or accessible directory: /Applications/mampstack-5.3.17-0/apache2/htdocs/livingoctaveresearch/core/components/gallery/model/
[2013-08-16 10:35:59] (ERROR @ /livingoctaveresearch/connectors/browser/directory.php) Path specified for package gallery is not a valid or accessible directory: /Applications/mampstack-5.3.17-0/apache2/htdocs/livingoctaveresearch/core/components/gallery/model/
[2013-08-16 10:36:02] (ERROR @ /livingoctaveresearch/connectors/system/registry/register.php) Path specified for package gallery is not a valid or accessible directory: /Applications/mampstack-5.3.17-0/apache2/htdocs/livingoctaveresearch/core/components/gallery/model/
[2013-08-16 10:36:07] (ERROR @ /livingoctaveresearch/connectors/system/registry/register.php) Path specified for package gallery is not a valid or accessible directory: /Applications/mampstack-5.3.17-0/apache2/htdocs/livingoctaveresearch/core/components/gallery/model/
[2013-08-16 10:36:08] (ERROR @ /livingoctaveresearch/connectors/element/index.php) Path specified for package gallery is not a valid or accessible directory: /Applications/mampstack-5.3.17-0/apache2/htdocs/livingoctaveresearch/core/components/gallery/model/
[2013-08-16 10:36:10] (ERROR @ /livingoctaveresearch/connectors/system/registry/register.php) Path specified for package gallery is not a valid or accessible directory: /Applications/mampstack-5.3.17-0/apache2/htdocs/livingoctaveresearch/core/components/gallery/model/
[2013-08-16 10:36:15] (ERROR @ /livingoctaveresearch/connectors/element/index.php) Path specified for package gallery is not a valid or accessible directory: /Applications/mampstack-5.3.17-0/apache2/htdocs/livingoctaveresearch/core/components/gallery/model/
[2013-08-16 10:36:17] (ERROR @ /livingoctaveresearch/connectors/system/registry/register.php) Path specified for package gallery is not a valid or accessible directory: /Applications/mampstack-5.3.17-0/apache2/htdocs/livingoctaveresearch/core/components/gallery/model/
[2013-08-16 10:37:51] (ERROR @ /livingoctaveresearch/manager/index.php) Path specified for package gallery is not a valid or accessible directory: /Applications/mampstack-5.3.17-0/apache2/htdocs/livingoctaveresearch/core/components/gallery/model/
[2013-08-16 10:37:51] (ERROR @ /livingoctaveresearch/manager/index.php) Could not load class: Gallery from gallery.
[2013-08-16 10:37:51] (ERROR @ /livingoctaveresearch/manager/index.php) Problem getting service gallery, instance of class Gallery, from path /Applications/mampstack-5.3.17-0/apache2/htdocs/livingoctaveresearch/core/components/gallery/model/gallery/
[2013-08-16 10:37:52] (ERROR @ /livingoctaveresearch/manager/min/index.php) Path specified for package gallery is not a valid or accessible directory: /Applications/mampstack-5.3.17-0/apache2/htdocs/livingoctaveresearch/core/components/gallery/model/
[2013-08-16 10:37:52] (ERROR @ /livingoctaveresearch/manager/min/index.php) Path specified for package gallery is not a valid or accessible directory: /Applications/mampstack-5.3.17-0/apache2/htdocs/livingoctaveresearch/core/components/gallery/model/
[2013-08-16 10:37:52] (ERROR @ /livingoctaveresearch/manager/min/index.php) Path specified for package gallery is not a valid or accessible directory: /Applications/mampstack-5.3.17-0/apache2/htdocs/livingoctaveresearch/core/components/gallery/model/
[2013-08-16 10:37:52] (ERROR @ /livingoctaveresearch/manager/min/index.php) Path specified for package gallery is not a valid or accessible directory: /Applications/mampstack-5.3.17-0/apache2/htdocs/livingoctaveresearch/core/components/gallery/model/
[2013-08-16 10:37:52] (ERROR @ /livingoctaveresearch/connectors/layout/modx.config.js.php) Path specified for package gallery is not a valid or accessible directory: /Applications/mampstack-5.3.17-0/apache2/htdocs/livingoctaveresearch/core/components/gallery/model/
[2013-08-16 10:37:52] (ERROR @ /livingoctaveresearch/connectors/lang.js.php) Path specified for package gallery is not a valid or accessible directory: /Applications/mampstack-5.3.17-0/apache2/htdocs/livingoctaveresearch/core/components/gallery/model/
[2013-08-16 10:37:52] (ERROR @ /livingoctaveresearch/manager/min/index.php) Path specified for package gallery is not a valid or accessible directory: /Applications/mampstack-5.3.17-0/apache2/htdocs/livingoctaveresearch/core/components/gallery/model/
[2013-08-16 10:37:53] (ERROR @ /livingoctaveresearch/connectors/element/index.php) Path specified for package gallery is not a valid or accessible directory: /Applications/mampstack-5.3.17-0/apache2/htdocs/livingoctaveresearch/core/components/gallery/model/
[2013-08-16 10:37:53] (ERROR @ /livingoctaveresearch/connectors/workspace/packages.php) Path specified for package gallery is not a valid or accessible directory: /Applications/mampstack-5.3.17-0/apache2/htdocs/livingoctaveresearch/core/components/gallery/model/
[2013-08-16 10:37:53] (ERROR @ /livingoctaveresearch/connectors/workspace/packages-rest.php) Path specified for package gallery is not a valid or accessible directory: /Applications/mampstack-5.3.17-0/apache2/htdocs/livingoctaveresearch/core/components/gallery/model/
[2013-08-16 10:37:53] (ERROR @ /livingoctaveresearch/connectors/system/registry/register.php) Path specified for package gallery is not a valid or accessible directory: /Applications/mampstack-5.3.17-0/apache2/htdocs/livingoctaveresearch/core/components/gallery/model/
[2013-08-16 10:37:53] (ERROR @ /livingoctaveresearch/connectors/resource/index.php) Path specified for package gallery is not a valid or accessible directory: /Applications/mampstack-5.3.17-0/apache2/htdocs/livingoctaveresearch/core/components/gallery/model/
[2013-08-16 10:37:53] (ERROR @ /livingoctaveresearch/connectors/workspace/packages-rest.php) Path specified for package gallery is not a valid or accessible directory: /Applications/mampstack-5.3.17-0/apache2/htdocs/livingoctaveresearch/core/components/gallery/model/
[2013-08-16 10:37:53] (ERROR @ /livingoctaveresearch/connectors/workspace/providers.php) Path specified for package gallery is not a valid or accessible directory: /Applications/mampstack-5.3.17-0/apache2/htdocs/livingoctaveresearch/core/components/gallery/model/
[2013-08-16 10:37:53] (ERROR @ /livingoctaveresearch/connectors/element/index.php) Path specified for package gallery is not a valid or accessible directory: /Applications/mampstack-5.3.17-0/apache2/htdocs/livingoctaveresearch/core/components/gallery/model/
[2013-08-16 10:37:53] (ERROR @ /livingoctaveresearch/connectors/element/index.php) Path specified for package gallery is not a valid or accessible directory: /Applications/mampstack-5.3.17-0/apache2/htdocs/livingoctaveresearch/core/components/gallery/model/
[2013-08-16 10:37:55] (ERROR @ /livingoctaveresearch/connectors/system/registry/register.php) Path specified for package gallery is not a valid or accessible directory: /Applications/mampstack-5.3.17-0/apache2/htdocs/livingoctaveresearch/core/components/gallery/model/
[2013-08-16 10:37:56] (ERROR @ /livingoctaveresearch/connectors/workspace/packages-rest.php) Path specified for package gallery is not a valid or accessible directory: /Applications/mampstack-5.3.17-0/apache2/htdocs/livingoctaveresearch/core/components/gallery/model/
[2013-08-16 10:37:56] (ERROR @ /livingoctaveresearch/connectors/workspace/packages-rest.php) Path specified for package gallery is not a valid or accessible directory: /Applications/mampstack-5.3.17-0/apache2/htdocs/livingoctaveresearch/core/components/gallery/model/
[2013-08-16 10:37:57] (ERROR @ /livingoctaveresearch/connectors/system/registry/register.php) Path specified for package gallery is not a valid or accessible directory: /Applications/mampstack-5.3.17-0/apache2/htdocs/livingoctaveresearch/core/components/gallery/model/
[2013-08-16 10:37:59] (ERROR @ /livingoctaveresearch/connectors/workspace/packages-rest.php) Path specified for package gallery is not a valid or accessible directory: /Applications/mampstack-5.3.17-0/apache2/htdocs/livingoctaveresearch/core/components/gallery/model/
[2013-08-16 10:38:01] (ERROR @ /livingoctaveresearch/connectors/workspace/packages-rest.php) Path specified for package gallery is not a valid or accessible directory: /Applications/mampstack-5.3.17-0/apache2/htdocs/livingoctaveresearch/core/components/gallery/model/
[2013-08-16 10:38:04] (ERROR @ /livingoctaveresearch/connectors/workspace/packages-rest.php) Path specified for package gallery is not a valid or accessible directory: /Applications/mampstack-5.3.17-0/apache2/htdocs/livingoctaveresearch/core/components/gallery/model/
[2013-08-16 10:38:04] (ERROR @ /livingoctaveresearch/connectors/workspace/packages.php) Path specified for package gallery is not a valid or accessible directory: /Applications/mampstack-5.3.17-0/apache2/htdocs/livingoctaveresearch/core/components/gallery/model/
[2013-08-16 10:38:12] (ERROR @ /livingoctaveresearch/connectors/system/registry/register.php) Path specified for package gallery is not a valid or accessible directory: /Applications/mampstack-5.3.17-0/apache2/htdocs/livingoctaveresearch/core/components/gallery/model/
[2013-08-16 10:38:12] (ERROR @ /livingoctaveresearch/connectors/workspace/packages.php) Path specified for package gallery is not a valid or accessible directory: /Applications/mampstack-5.3.17-0/apache2/htdocs/livingoctaveresearch/core/components/gallery/model/
[2013-08-16 10:38:14] (ERROR @ /livingoctaveresearch/connectors/workspace/packages.php) Path specified for package gallery is not a valid or accessible directory: /Applications/mampstack-5.3.17-0/apache2/htdocs/livingoctaveresearch/core/components/gallery/model/
[2013-08-16 10:38:14] (ERROR @ /livingoctaveresearch/connectors/system/index.php) Path specified for package gallery is not a valid or accessible directory: /Applications/mampstack-5.3.17-0/apache2/htdocs/livingoctaveresearch/core/components/gallery/model/
[2013-08-16 10:38:15] (ERROR @ /livingoctaveresearch/connectors/workspace/packages.php) Path specified for package gallery is not a valid or accessible directory: /Applications/mampstack-5.3.17-0/apache2/htdocs/livingoctaveresearch/core/components/gallery/model/
[2013-08-16 10:38:15] (ERROR @ /livingoctaveresearch/connectors/system/index.php) Path specified for package gallery is not a valid or accessible directory: /Applications/mampstack-5.3.17-0/apache2/htdocs/livingoctaveresearch/core/components/gallery/model/
[2013-08-16 10:38:19] (ERROR @ /livingoctaveresearch/index.php) Path specified for package gallery is not a valid or accessible directory: /Applications/mampstack-5.3.17-0/apache2/htdocs/livingoctaveresearch/core/components/gallery/model/
[2013-08-16 10:38:19] (ERROR @ /livingoctaveresearch/index.php) Could not load class: Wayfinder from wayfinder.
[2013-08-16 10:38:24] (ERROR @ /livingoctaveresearch/connectors/system/registry/register.php) Path specified for package gallery is not a valid or accessible directory: /Applications/mampstack-5.3.17-0/apache2/htdocs/livingoctaveresearch/core/components/gallery/model/
[2013-08-16 10:38:24] (ERROR @ /livingoctaveresearch/connectors/workspace/packages-rest.php) Path specified for package gallery is not a valid or accessible directory: /Applications/mampstack-5.3.17-0/apache2/htdocs/livingoctaveresearch/core/components/gallery/model/
[2013-08-16 10:38:27] (ERROR @ /livingoctaveresearch/connectors/workspace/packages-rest.php) Path specified for package gallery is not a valid or accessible directory: /Applications/mampstack-5.3.17-0/apache2/htdocs/livingoctaveresearch/core/components/gallery/model/
[2013-08-16 10:38:33] (ERROR @ /livingoctaveresearch/connectors/workspace/packages.php) Path specified for package gallery is not a valid or accessible directory: /Applications/mampstack-5.3.17-0/apache2/htdocs/livingoctaveresearch/core/components/gallery/model/
[2013-08-16 10:38:33] (ERROR @ /livingoctaveresearch/connectors/workspace/packages-rest.php) Path specified for package gallery is not a valid or accessible directory: /Applications/mampstack-5.3.17-0/apache2/htdocs/livingoctaveresearch/core/components/gallery/model/
[2013-08-16 10:38:45] (ERROR @ /livingoctaveresearch/connectors/workspace/packages-rest.php) Path specified for package gallery is not a valid or accessible directory: /Applications/mampstack-5.3.17-0/apache2/htdocs/livingoctaveresearch/core/components/gallery/model/
[2013-08-16 10:38:51] (ERROR @ /livingoctaveresearch/connectors/workspace/packages-rest.php) Path specified for package gallery is not a valid or accessible directory: /Applications/mampstack-5.3.17-0/apache2/htdocs/livingoctaveresearch/core/components/gallery/model/
[2013-08-16 10:38:53] (ERROR @ /livingoctaveresearch/connectors/workspace/packages-rest.php) Path specified for package gallery is not a valid or accessible directory: /Applications/mampstack-5.3.17-0/apache2/htdocs/livingoctaveresearch/core/components/gallery/model/
[2013-08-16 10:38:57] (ERROR @ /livingoctaveresearch/connectors/workspace/packages.php) Path specified for package gallery is not a valid or accessible directory: /Applications/mampstack-5.3.17-0/apache2/htdocs/livingoctaveresearch/core/components/gallery/model/
[2013-08-16 10:38:57] (ERROR @ /livingoctaveresearch/connectors/workspace/packages-rest.php) Path specified for package gallery is not a valid or accessible directory: /Applications/mampstack-5.3.17-0/apache2/htdocs/livingoctaveresearch/core/components/gallery/model/
[2013-08-16 10:39:04] (ERROR @ /livingoctaveresearch/connectors/workspace/packages-rest.php) Path specified for package gallery is not a valid or accessible directory: /Applications/mampstack-5.3.17-0/apache2/htdocs/livingoctaveresearch/core/components/gallery/model/
[2013-08-16 10:39:07] (ERROR @ /livingoctaveresearch/connectors/workspace/packages-rest.php) Path specified for package gallery is not a valid or accessible directory: /Applications/mampstack-5.3.17-0/apache2/htdocs/livingoctaveresearch/core/components/gallery/model/
[2013-08-16 10:39:19] (ERROR @ /livingoctaveresearch/connectors/workspace/packages.php) Path specified for package gallery is not a valid or accessible directory: /Applications/mampstack-5.3.17-0/apache2/htdocs/livingoctaveresearch/core/components/gallery/model/
[2013-08-16 10:39:19] (ERROR @ /livingoctaveresearch/connectors/workspace/packages-rest.php) Path specified for package gallery is not a valid or accessible directory: /Applications/mampstack-5.3.17-0/apache2/htdocs/livingoctaveresearch/core/components/gallery/model/
[2013-08-16 10:39:25] (ERROR @ /livingoctaveresearch/connectors/workspace/packages-rest.php) Path specified for package gallery is not a valid or accessible directory: /Applications/mampstack-5.3.17-0/apache2/htdocs/livingoctaveresearch/core/components/gallery/model/
[2013-08-16 10:39:28] (ERROR @ /livingoctaveresearch/connectors/workspace/packages-rest.php) Path specified for package gallery is not a valid or accessible directory: /Applications/mampstack-5.3.17-0/apache2/htdocs/livingoctaveresearch/core/components/gallery/model/
[2013-08-16 10:39:44] (ERROR @ /livingoctaveresearch/connectors/workspace/packages.php) Path specified for package gallery is not a valid or accessible directory: /Applications/mampstack-5.3.17-0/apache2/htdocs/livingoctaveresearch/core/components/gallery/model/
[2013-08-16 10:39:44] (ERROR @ /livingoctaveresearch/connectors/workspace/packages-rest.php) Path specified for package gallery is not a valid or accessible directory: /Applications/mampstack-5.3.17-0/apache2/htdocs/livingoctaveresearch/core/components/gallery/model/
[2013-08-16 10:39:47] (ERROR @ /livingoctaveresearch/connectors/workspace/packages-rest.php) Path specified for package gallery is not a valid or accessible directory: /Applications/mampstack-5.3.17-0/apache2/htdocs/livingoctaveresearch/core/components/gallery/model/
[2013-08-16 10:39:49] (ERROR @ /livingoctaveresearch/connectors/workspace/packages-rest.php) Path specified for package gallery is not a valid or accessible directory: /Applications/mampstack-5.3.17-0/apache2/htdocs/livingoctaveresearch/core/components/gallery/model/
[2013-08-16 10:40:09] (ERROR @ /livingoctaveresearch/connectors/workspace/packages.php) Path specified for package gallery is not a valid or accessible directory: /Applications/mampstack-5.3.17-0/apache2/htdocs/livingoctaveresearch/core/components/gallery/model/
[2013-08-16 10:40:09] (ERROR @ /livingoctaveresearch/connectors/workspace/packages-rest.php) Path specified for package gallery is not a valid or accessible directory: /Applications/mampstack-5.3.17-0/apache2/htdocs/livingoctaveresearch/core/components/gallery/model/
[2013-08-16 10:40:20] (ERROR @ /livingoctaveresearch/connectors/workspace/packages-rest.php) Path specified for package gallery is not a valid or accessible directory: /Applications/mampstack-5.3.17-0/apache2/htdocs/livingoctaveresearch/core/components/gallery/model/
[2013-08-16 10:40:22] (ERROR @ /livingoctaveresearch/connectors/workspace/packages-rest.php) Path specified for package gallery is not a valid or accessible directory: /Applications/mampstack-5.3.17-0/apache2/htdocs/livingoctaveresearch/core/components/gallery/model/
[2013-08-16 10:40:45] (ERROR @ /livingoctaveresearch/connectors/workspace/packages-rest.php) Path specified for package gallery is not a valid or accessible directory: /Applications/mampstack-5.3.17-0/apache2/htdocs/livingoctaveresearch/core/components/gallery/model/
[2013-08-16 10:40:45] (ERROR @ /livingoctaveresearch/connectors/workspace/packages.php) Path specified for package gallery is not a valid or accessible directory: /Applications/mampstack-5.3.17-0/apache2/htdocs/livingoctaveresearch/core/components/gallery/model/
[2013-08-16 10:40:49] (ERROR @ /livingoctaveresearch/connectors/workspace/packages-rest.php) Path specified for package gallery is not a valid or accessible directory: /Applications/mampstack-5.3.17-0/apache2/htdocs/livingoctaveresearch/core/components/gallery/model/
[2013-08-16 10:40:51] (ERROR @ /livingoctaveresearch/connectors/workspace/packages-rest.php) Path specified for package gallery is not a valid or accessible directory: /Applications/mampstack-5.3.17-0/apache2/htdocs/livingoctaveresearch/core/components/gallery/model/
[2013-08-16 10:41:04] (ERROR @ /livingoctaveresearch/connectors/workspace/packages.php) Path specified for package gallery is not a valid or accessible directory: /Applications/mampstack-5.3.17-0/apache2/htdocs/livingoctaveresearch/core/components/gallery/model/
[2013-08-16 10:41:04] (ERROR @ /livingoctaveresearch/connectors/workspace/packages-rest.php) Path specified for package gallery is not a valid or accessible directory: /Applications/mampstack-5.3.17-0/apache2/htdocs/livingoctaveresearch/core/components/gallery/model/
[2013-08-16 10:41:09] (ERROR @ /livingoctaveresearch/connectors/workspace/packages-rest.php) Path specified for package gallery is not a valid or accessible directory: /Applications/mampstack-5.3.17-0/apache2/htdocs/livingoctaveresearch/core/components/gallery/model/
[2013-08-16 10:41:15] (ERROR @ /livingoctaveresearch/connectors/workspace/packages-rest.php) Path specified for package gallery is not a valid or accessible directory: /Applications/mampstack-5.3.17-0/apache2/htdocs/livingoctaveresearch/core/components/gallery/model/
[2013-08-16 10:41:20] (ERROR @ /livingoctaveresearch/connectors/workspace/packages-rest.php) Path specified for package gallery is not a valid or accessible directory: /Applications/mampstack-5.3.17-0/apache2/htdocs/livingoctaveresearch/core/components/gallery/model/
[2013-08-16 10:41:25] (ERROR @ /livingoctaveresearch/connectors/workspace/packages-rest.php) Path specified for package gallery is not a valid or accessible directory: /Applications/mampstack-5.3.17-0/apache2/htdocs/livingoctaveresearch/core/components/gallery/model/
[2013-08-16 10:41:25] (ERROR @ /livingoctaveresearch/connectors/workspace/packages.php) Path specified for package gallery is not a valid or accessible directory: /Applications/mampstack-5.3.17-0/apache2/htdocs/livingoctaveresearch/core/components/gallery/model/
[2013-08-16 10:41:30] (ERROR @ /livingoctaveresearch/connectors/system/registry/register.php) Path specified for package gallery is not a valid or accessible directory: /Applications/mampstack-5.3.17-0/apache2/htdocs/livingoctaveresearch/core/components/gallery/model/
[2013-08-16 10:41:30] (ERROR @ /livingoctaveresearch/connectors/workspace/packages.php) Path specified for package gallery is not a valid or accessible directory: /Applications/mampstack-5.3.17-0/apache2/htdocs/livingoctaveresearch/core/components/gallery/model/
[2013-08-16 10:41:32] (ERROR @ /livingoctaveresearch/connectors/workspace/packages.php) Path specified for package gallery is not a valid or accessible directory: /Applications/mampstack-5.3.17-0/apache2/htdocs/livingoctaveresearch/core/components/gallery/model/
[2013-08-16 10:41:33] (ERROR @ /livingoctaveresearch/connectors/system/index.php) Path specified for package gallery is not a valid or accessible directory: /Applications/mampstack-5.3.17-0/apache2/htdocs/livingoctaveresearch/core/components/gallery/model/
[2013-08-16 10:41:34] (ERROR @ /livingoctaveresearch/connectors/workspace/packages.php) Path specified for package gallery is not a valid or accessible directory: /Applications/mampstack-5.3.17-0/apache2/htdocs/livingoctaveresearch/core/components/gallery/model/
[2013-08-16 10:41:34] (ERROR @ /livingoctaveresearch/connectors/system/index.php) Path specified for package gallery is not a valid or accessible directory: /Applications/mampstack-5.3.17-0/apache2/htdocs/livingoctaveresearch/core/components/gallery/model/
[2013-08-16 10:41:37] (ERROR @ /livingoctaveresearch/connectors/workspace/packages.php) Path specified for package gallery is not a valid or accessible directory: /Applications/mampstack-5.3.17-0/apache2/htdocs/livingoctaveresearch/core/components/gallery/model/
[2013-08-16 10:41:39] (ERROR @ /livingoctaveresearch/connectors/workspace/packages.php) Path specified for package gallery is not a valid or accessible directory: /Applications/mampstack-5.3.17-0/apache2/htdocs/livingoctaveresearch/core/components/gallery/model/
[2013-08-16 10:41:39] (ERROR @ /livingoctaveresearch/connectors/system/index.php) Path specified for package gallery is not a valid or accessible directory: /Applications/mampstack-5.3.17-0/apache2/htdocs/livingoctaveresearch/core/components/gallery/model/
[2013-08-16 11:12:44] (ERROR @ /livingoctaveresearch/connectors/security/flush.php) Error 42S02 executing statement: 
Array
(
    [0] => 42S02
    [1] => 1146
    [2] => Table 'livingoctaveresearch.modx_session' doesn't exist
)

[2013-08-16 11:12:44] (ERROR @ /livingoctaveresearch/connectors/security/flush.php) Error 42S02 executing statement: 
Array
(
    [0] => 42S02
    [1] => 1146
    [2] => Table 'livingoctaveresearch.modx_access_context' doesn't exist
)

[2013-08-16 11:12:44] (ERROR @ /livingoctaveresearch/connectors/security/flush.php) Error 42S02 executing statement: 
Array
(
    [0] => 42S02
    [1] => 1146
    [2] => Table 'livingoctaveresearch.modx_session' doesn't exist
)

[2013-08-16 11:12:44] (ERROR @ /livingoctaveresearch/connectors/security/flush.php) Error 42S02 executing statement:
INSERT INTO `modx_session` (`id`, `access`, `data`) VALUES ('k5o1q2s1q0s46i1c2leemr4lo2', 1376676764, '')
Array
(
    [0] => 42S02
    [1] => 1146
    [2] => Table 'livingoctaveresearch.modx_session' doesn't exist
)

[2013-11-13 14:07:13] (ERROR @ /living_octave_research/connectors/system/phpthumb.php) phpThumb was unable to generate a thumbnail for: /Applications/mampstack-5.3.17-0/apache2/htdocs/living_octave_research/core/cache/phpthumb/phpThumb_cache_127.0.0.1_srcc601bc63f7c076529df56e38c27fe17e_paradf896d45f319fa323d889e84ccb98c5_dat0.jpeg
[2013-11-13 14:07:13] (ERROR @ /living_octave_research/connectors/system/phpthumb.php) Error outputting thumbnail:
OutputThumbnail() failed because !is_resource($this->gdimg_output) in file "phpthumb.class.php" on line 557
[2013-11-13 14:08:09] (ERROR @ /living_octave_research/connectors/system/phpthumb.php) phpThumb was unable to generate a thumbnail for: /Applications/mampstack-5.3.17-0/apache2/htdocs/living_octave_research/core/cache/phpthumb/phpThumb_cache_127.0.0.1_src8847e331cd55f693078202b011f8b508_paradf896d45f319fa323d889e84ccb98c5_dat0.jpeg
[2013-11-13 14:08:09] (ERROR @ /living_octave_research/connectors/system/phpthumb.php) Error outputting thumbnail:
OutputThumbnail() failed because !is_resource($this->gdimg_output) in file "phpthumb.class.php" on line 557
[2013-11-18 12:35:24] (ERROR @ /living_octave_research/connectors/lang.js.php) Error caching lexicon topic lexicon/en/core/resource
